[debug] [2021-03-04T20:07:30.490Z] ----------------------------------------------------------------------
[debug] [2021-03-04T20:07:30.491Z] Command:       /home/arjun/.nvm/versions/node/v12.18.2/bin/node /home/arjun/Projects/twf-intern-dev-test/node_modules/.bin/firebase deploy
[debug] [2021-03-04T20:07:30.492Z] CLI Version:   9.5.0
[debug] [2021-03-04T20:07:30.492Z] Platform:      linux
[debug] [2021-03-04T20:07:30.492Z] Node Version:  v12.18.2
[debug] [2021-03-04T20:07:30.492Z] Time:          Fri Mar 05 2021 01:37:30 GMT+0530 (India Standard Time)
[debug] [2021-03-04T20:07:30.492Z] ----------------------------------------------------------------------
[debug] [2021-03-04T20:07:30.492Z] 
[debug] [2021-03-04T20:07:30.532Z] > command requires scopes: ["email","openid","https://www.googleapis.com/auth/cloudplatformprojects.readonly","https://www.googleapis.com/auth/firebase","https://www.googleapis.com/auth/cloud-platform"]
[debug] [2021-03-04T20:07:30.533Z] > authorizing via signed-in user
[debug] [2021-03-04T20:07:30.533Z] [iam] checking project arjun-s-twf-intern-test for permissions ["datastore.indexes.create","datastore.indexes.delete","datastore.indexes.list","datastore.indexes.update","firebase.projects.get","firebasehosting.sites.update"]
[debug] [2021-03-04T20:07:30.535Z] >>> HTTP REQUEST POST https://cloudresourcemanager.googleapis.com/v1/projects/arjun-s-twf-intern-test:testIamPermissions  
 {"permissions":["datastore.indexes.create","datastore.indexes.delete","datastore.indexes.list","datastore.indexes.update","firebase.projects.get","firebasehosting.sites.update"]}
[debug] [2021-03-04T20:07:32.006Z] <<< HTTP RESPONSE 200 {"content-type":"application/json; charset=UTF-8","vary":"X-Origin, Referer, Origin,Accept-Encoding","date":"Thu, 04 Mar 2021 20:10:53 GMT","server":"ESF","cache-control":"private","x-xss-protection":"0","x-frame-options":"SAMEORIGIN","x-content-type-options":"nosniff","server-timing":"gfet4t7; dur=1210","alt-svc":"h3-29=\":443\"; ma=2592000,h3-T051=\":443\"; ma=2592000,h3-Q050=\":443\"; ma=2592000,h3-Q046=\":443\"; ma=2592000,h3-Q043=\":443\"; ma=2592000,quic=\":443\"; ma=2592000; v=\"46,43\"","accept-ranges":"none","transfer-encoding":"chunked"}
[debug] [2021-03-04T20:07:32.008Z] > refreshing access token with scopes: []
[debug] [2021-03-04T20:07:32.008Z] >>> HTTP REQUEST POST https://www.googleapis.com/oauth2/v3/token  
 <request body omitted>
[debug] [2021-03-04T20:07:32.200Z] <<< HTTP RESPONSE 200 {"expires":"Mon, 01 Jan 1990 00:00:00 GMT","cache-control":"no-cache, no-store, max-age=0, must-revalidate","pragma":"no-cache","date":"Thu, 04 Mar 2021 20:10:53 GMT","content-type":"application/json; charset=utf-8","vary":"X-Origin, Referer, Origin,Accept-Encoding","server":"scaffolding on HTTPServer2","x-xss-protection":"0","x-frame-options":"SAMEORIGIN","x-content-type-options":"nosniff","alt-svc":"h3-29=\":443\"; ma=2592000,h3-T051=\":443\"; ma=2592000,h3-Q050=\":443\"; ma=2592000,h3-Q046=\":443\"; ma=2592000,h3-Q043=\":443\"; ma=2592000,quic=\":443\"; ma=2592000; v=\"46,43\"","accept-ranges":"none","transfer-encoding":"chunked"}
[debug] [2021-03-04T20:07:32.238Z] >>> [apiv2][query] GET https://firebase.googleapis.com/v1beta1/projects/arjun-s-twf-intern-test [none]
[debug] [2021-03-04T20:07:32.762Z] <<< [apiv2][status] GET https://firebase.googleapis.com/v1beta1/projects/arjun-s-twf-intern-test 200
[debug] [2021-03-04T20:07:32.763Z] <<< [apiv2][body] GET https://firebase.googleapis.com/v1beta1/projects/arjun-s-twf-intern-test {"projectId":"arjun-s-twf-intern-test","projectNumber":"932586999953","displayName":"Arjun's TWF Intern Test","name":"projects/arjun-s-twf-intern-test","resources":{"hostingSite":"arjun-s-twf-intern-test","storageBucket":"arjun-s-twf-intern-test.appspot.com","locationId":"asia-southeast2"},"state":"ACTIVE"}
[info] 
[info] === Deploying to 'arjun-s-twf-intern-test'...
[info] 
[info] i  deploying firestore, hosting 
[info] i  firestore: reading indexes from firestore.indexes.json... 
[info] i  cloud.firestore: checking firestore.rules for compilation errors... 
[debug] [2021-03-04T20:07:32.774Z] > refreshing access token with scopes: ["email","https://www.googleapis.com/auth/cloud-platform","https://www.googleapis.com/auth/cloudplatformprojects.readonly","https://www.googleapis.com/auth/firebase","openid"]
[debug] [2021-03-04T20:07:32.774Z] >>> HTTP REQUEST POST https://www.googleapis.com/oauth2/v3/token  
 <request body omitted>
[debug] [2021-03-04T20:07:32.944Z] <<< HTTP RESPONSE 200 {"pragma":"no-cache","date":"Thu, 04 Mar 2021 20:10:54 GMT","cache-control":"no-cache, no-store, max-age=0, must-revalidate","expires":"Mon, 01 Jan 1990 00:00:00 GMT","content-type":"application/json; charset=utf-8","vary":"X-Origin, Referer, Origin,Accept-Encoding","server":"scaffolding on HTTPServer2","x-xss-protection":"0","x-frame-options":"SAMEORIGIN","x-content-type-options":"nosniff","alt-svc":"h3-29=\":443\"; ma=2592000,h3-T051=\":443\"; ma=2592000,h3-Q050=\":443\"; ma=2592000,h3-Q046=\":443\"; ma=2592000,h3-Q043=\":443\"; ma=2592000,quic=\":443\"; ma=2592000; v=\"46,43\"","accept-ranges":"none","transfer-encoding":"chunked"}
[debug] [2021-03-04T20:07:32.994Z] >>> HTTP REQUEST POST https://firebaserules.googleapis.com/v1/projects/arjun-s-twf-intern-test:test  
 {"source":{"files":[{"name":"firestore.rules","content":"rules_version = '2';\nservice cloud.firestore {\n  match /databases/{database}/documents {\n    match /{document=**} {\n      allow read, write: if true;\n    }\n  }\n}"}]}}
[debug] [2021-03-04T20:07:34.433Z] <<< HTTP RESPONSE 200 {"content-type":"application/json; charset=UTF-8","vary":"X-Origin, Referer, Origin,Accept-Encoding","date":"Thu, 04 Mar 2021 20:10:55 GMT","server":"ESF","cache-control":"private","x-xss-protection":"0","x-frame-options":"SAMEORIGIN","x-content-type-options":"nosniff","alt-svc":"h3-29=\":443\"; ma=2592000,h3-T051=\":443\"; ma=2592000,h3-Q050=\":443\"; ma=2592000,h3-Q046=\":443\"; ma=2592000,h3-Q043=\":443\"; ma=2592000,quic=\":443\"; ma=2592000; v=\"46,43\"","accept-ranges":"none","transfer-encoding":"chunked"}
[info] ✔  cloud.firestore: rules file firestore.rules compiled successfully 
[debug] [2021-03-04T20:07:34.442Z] >>> HTTP REQUEST POST https://firebasehosting.googleapis.com/v1beta1/sites/arjun-s-twf-intern-test/versions  
 {"config":{"rewrites":[{"glob":"**","path":"/index.html"}],"headers":[{"glob":"/service-worker.js","headers":{"Cache-Control":"no-cache"}}]},"labels":{"deployment-tool":"cli-firebase"}}
[debug] [2021-03-04T20:07:36.570Z] <<< HTTP RESPONSE 200 {"content-type":"application/json; charset=UTF-8","vary":"X-Origin, Referer, Origin,Accept-Encoding","date":"Thu, 04 Mar 2021 20:10:57 GMT","server":"ESF","cache-control":"private","x-xss-protection":"0","x-frame-options":"SAMEORIGIN","x-content-type-options":"nosniff","alt-svc":"h3-29=\":443\"; ma=2592000,h3-T051=\":443\"; ma=2592000,h3-Q050=\":443\"; ma=2592000,h3-Q046=\":443\"; ma=2592000,h3-Q043=\":443\"; ma=2592000,quic=\":443\"; ma=2592000; v=\"46,43\"","accept-ranges":"none","transfer-encoding":"chunked"}
[debug] [2021-03-04T20:07:36.577Z] >>> HTTP REQUEST GET https://firebaserules.googleapis.com/v1/projects/arjun-s-twf-intern-test/releases?pageSize=10&pageToken=  
 
[debug] [2021-03-04T20:07:36.578Z] >>> HTTP REQUEST GET https://firestore.googleapis.com/v1/projects/arjun-s-twf-intern-test/databases/(default)/collectionGroups/-/indexes  
 
[debug] [2021-03-04T20:07:37.367Z] <<< HTTP RESPONSE 200 {"content-type":"application/json; charset=UTF-8","vary":"X-Origin, Referer, Origin,Accept-Encoding","date":"Thu, 04 Mar 2021 20:10:58 GMT","server":"ESF","cache-control":"private","x-xss-protection":"0","x-frame-options":"SAMEORIGIN","x-content-type-options":"nosniff","alt-svc":"h3-29=\":443\"; ma=2592000,h3-T051=\":443\"; ma=2592000,h3-Q050=\":443\"; ma=2592000,h3-Q046=\":443\"; ma=2592000,h3-Q043=\":443\"; ma=2592000,quic=\":443\"; ma=2592000; v=\"46,43\"","accept-ranges":"none","transfer-encoding":"chunked"}
[debug] [2021-03-04T20:07:37.369Z] >>> HTTP REQUEST GET https://firestore.googleapis.com/v1/projects/arjun-s-twf-intern-test/databases/(default)/collectionGroups/-/fields?filter=indexConfig.usesAncestorConfig=false  
 
[debug] [2021-03-04T20:07:37.941Z] <<< HTTP RESPONSE 200 {"content-type":"application/json; charset=UTF-8","vary":"X-Origin, Referer, Origin,Accept-Encoding","date":"Thu, 04 Mar 2021 20:10:59 GMT","server":"ESF","cache-control":"private","x-xss-protection":"0","x-frame-options":"SAMEORIGIN","x-content-type-options":"nosniff","alt-svc":"h3-29=\":443\"; ma=2592000,h3-T051=\":443\"; ma=2592000,h3-Q050=\":443\"; ma=2592000,h3-Q046=\":443\"; ma=2592000,h3-Q043=\":443\"; ma=2592000,quic=\":443\"; ma=2592000; v=\"46,43\"","accept-ranges":"none","transfer-encoding":"chunked"}
[debug] [2021-03-04T20:07:37.945Z] >>> HTTP REQUEST GET https://firebaserules.googleapis.com/v1/projects/arjun-s-twf-intern-test/rulesets/fb2141c2-6a65-47b1-8cf3-15d41099693c  
 
[debug] [2021-03-04T20:07:38.110Z] <<< HTTP RESPONSE 200 {"content-type":"application/json; charset=UTF-8","vary":"X-Origin, Referer, Origin,Accept-Encoding","date":"Thu, 04 Mar 2021 20:10:59 GMT","server":"ESF","cache-control":"private","x-xss-protection":"0","x-frame-options":"SAMEORIGIN","x-content-type-options":"nosniff","alt-svc":"h3-29=\":443\"; ma=2592000,h3-T051=\":443\"; ma=2592000,h3-Q050=\":443\"; ma=2592000,h3-Q046=\":443\"; ma=2592000,h3-Q043=\":443\"; ma=2592000,quic=\":443\"; ma=2592000; v=\"46,43\"","accept-ranges":"none","transfer-encoding":"chunked"}
[info] ✔  firestore: deployed indexes in firestore.indexes.json successfully 
[debug] [2021-03-04T20:07:39.220Z] <<< HTTP RESPONSE 200 {"content-type":"application/json; charset=UTF-8","vary":"X-Origin, Referer, Origin,Accept-Encoding","date":"Thu, 04 Mar 2021 20:11:00 GMT","server":"ESF","cache-control":"private","x-xss-protection":"0","x-frame-options":"SAMEORIGIN","x-content-type-options":"nosniff","alt-svc":"h3-29=\":443\"; ma=2592000,h3-T051=\":443\"; ma=2592000,h3-Q050=\":443\"; ma=2592000,h3-Q046=\":443\"; ma=2592000,h3-Q043=\":443\"; ma=2592000,quic=\":443\"; ma=2592000; v=\"46,43\"","accept-ranges":"none","transfer-encoding":"chunked"}
[info] i  firestore: latest version of firestore.rules already up to date, skipping upload... 
[info] i  hosting[arjun-s-twf-intern-test]: beginning deploy... 
[info] i  hosting[arjun-s-twf-intern-test]: found 6 files in public 
[debug] [2021-03-04T20:07:39.243Z] [hosting] hash cache [cHVibGlj] not populated
[debug] [2021-03-04T20:07:39.261Z] > refreshing access token with scopes: []
[debug] [2021-03-04T20:07:39.261Z] >>> HTTP REQUEST POST https://www.googleapis.com/oauth2/v3/token  
 <request body omitted>
[debug] [2021-03-04T20:07:39.264Z] [hosting] hash cache [cHVibGlj] stored for 6 files
[debug] [2021-03-04T20:07:39.265Z] [hosting][hash queue][FINAL] {"max":13,"min":10,"avg":11,"active":0,"complete":6,"success":6,"errored":0,"retried":0,"total":6,"elapsed":21}
[debug] [2021-03-04T20:07:39.437Z] <<< HTTP RESPONSE 200 {"cache-control":"no-cache, no-store, max-age=0, must-revalidate","date":"Thu, 04 Mar 2021 20:11:00 GMT","pragma":"no-cache","expires":"Mon, 01 Jan 1990 00:00:00 GMT","content-type":"application/json; charset=utf-8","vary":"X-Origin, Referer, Origin,Accept-Encoding","server":"scaffolding on HTTPServer2","x-xss-protection":"0","x-frame-options":"SAMEORIGIN","x-content-type-options":"nosniff","alt-svc":"h3-29=\":443\"; ma=2592000,h3-T051=\":443\"; ma=2592000,h3-Q050=\":443\"; ma=2592000,h3-Q046=\":443\"; ma=2592000,h3-Q043=\":443\"; ma=2592000,quic=\":443\"; ma=2592000; v=\"46,43\"","accept-ranges":"none","transfer-encoding":"chunked"}
[debug] [2021-03-04T20:07:39.486Z] >>> [apiv2][query] POST https://firebasehosting.googleapis.com/v1beta1/sites/arjun-s-twf-intern-test/versions/fd4638d7ff3a789e:populateFiles [none]
[debug] [2021-03-04T20:07:39.486Z] >>> [apiv2][body] POST https://firebasehosting.googleapis.com/v1beta1/sites/arjun-s-twf-intern-test/versions/fd4638d7ff3a789e:populateFiles {"files":{"/favicon.ico":"c599b7a91ab3627e3538125d9f40adc2d4bf949046984262670545dc7738af06","/index.html":"ae25650d1f07a645c5c5562593d4fd0cd51501159d74978ebe34b0b5a024a6b9","/logo192.png":"76c449ccb9cd117c2f2338f091b18f7050f3210e249b2228f5c81b23f34377cd","/manifest.json":"0958a5e0c831126100c8c2d06a6bbaa665a3900f21aaff4130238a6f5a113aa1","/logo512.png":"7779210d56c1f3741e2e487799fe3092def4fa6ac450a60532b807c3a8971205","/robots.txt":"2544ca049f223a42bff01f72ad930a5edba75bbb7199d0f8430a02ff5aca16ec"}}
[debug] [2021-03-04T20:07:41.062Z] <<< [apiv2][status] POST https://firebasehosting.googleapis.com/v1beta1/sites/arjun-s-twf-intern-test/versions/fd4638d7ff3a789e:populateFiles 200
[debug] [2021-03-04T20:07:41.062Z] <<< [apiv2][body] POST https://firebasehosting.googleapis.com/v1beta1/sites/arjun-s-twf-intern-test/versions/fd4638d7ff3a789e:populateFiles {"uploadRequiredHashes":["0958a5e0c831126100c8c2d06a6bbaa665a3900f21aaff4130238a6f5a113aa1","7779210d56c1f3741e2e487799fe3092def4fa6ac450a60532b807c3a8971205","2544ca049f223a42bff01f72ad930a5edba75bbb7199d0f8430a02ff5aca16ec","c599b7a91ab3627e3538125d9f40adc2d4bf949046984262670545dc7738af06","ae25650d1f07a645c5c5562593d4fd0cd51501159d74978ebe34b0b5a024a6b9","76c449ccb9cd117c2f2338f091b18f7050f3210e249b2228f5c81b23f34377cd"],"uploadUrl":"https://upload-firebasehosting.googleapis.com/upload/sites/arjun-s-twf-intern-test/versions/fd4638d7ff3a789e/files"}
[debug] [2021-03-04T20:07:41.065Z] >>> [apiv2][query] POST https://upload-firebasehosting.googleapis.com/upload/sites/arjun-s-twf-intern-test/versions/fd4638d7ff3a789e/files/0958a5e0c831126100c8c2d06a6bbaa665a3900f21aaff4130238a6f5a113aa1 [none]
[debug] [2021-03-04T20:07:41.065Z] >>> [apiv2][body] POST https://upload-firebasehosting.googleapis.com/upload/sites/arjun-s-twf-intern-test/versions/fd4638d7ff3a789e/files/0958a5e0c831126100c8c2d06a6bbaa665a3900f21aaff4130238a6f5a113aa1 [stream]
[debug] [2021-03-04T20:07:41.067Z] >>> [apiv2][query] POST https://upload-firebasehosting.googleapis.com/upload/sites/arjun-s-twf-intern-test/versions/fd4638d7ff3a789e/files/7779210d56c1f3741e2e487799fe3092def4fa6ac450a60532b807c3a8971205 [none]
[debug] [2021-03-04T20:07:41.067Z] >>> [apiv2][body] POST https://upload-firebasehosting.googleapis.com/upload/sites/arjun-s-twf-intern-test/versions/fd4638d7ff3a789e/files/7779210d56c1f3741e2e487799fe3092def4fa6ac450a60532b807c3a8971205 [stream]
[debug] [2021-03-04T20:07:41.068Z] >>> [apiv2][query] POST https://upload-firebasehosting.googleapis.com/upload/sites/arjun-s-twf-intern-test/versions/fd4638d7ff3a789e/files/2544ca049f223a42bff01f72ad930a5edba75bbb7199d0f8430a02ff5aca16ec [none]
[debug] [2021-03-04T20:07:41.068Z] >>> [apiv2][body] POST https://upload-firebasehosting.googleapis.com/upload/sites/arjun-s-twf-intern-test/versions/fd4638d7ff3a789e/files/2544ca049f223a42bff01f72ad930a5edba75bbb7199d0f8430a02ff5aca16ec [stream]
[debug] [2021-03-04T20:07:41.068Z] >>> [apiv2][query] POST https://upload-firebasehosting.googleapis.com/upload/sites/arjun-s-twf-intern-test/versions/fd4638d7ff3a789e/files/c599b7a91ab3627e3538125d9f40adc2d4bf949046984262670545dc7738af06 [none]
[debug] [2021-03-04T20:07:41.069Z] >>> [apiv2][body] POST https://upload-firebasehosting.googleapis.com/upload/sites/arjun-s-twf-intern-test/versions/fd4638d7ff3a789e/files/c599b7a91ab3627e3538125d9f40adc2d4bf949046984262670545dc7738af06 [stream]
[debug] [2021-03-04T20:07:41.069Z] >>> [apiv2][query] POST https://upload-firebasehosting.googleapis.com/upload/sites/arjun-s-twf-intern-test/versions/fd4638d7ff3a789e/files/ae25650d1f07a645c5c5562593d4fd0cd51501159d74978ebe34b0b5a024a6b9 [none]
[debug] [2021-03-04T20:07:41.069Z] >>> [apiv2][body] POST https://upload-firebasehosting.googleapis.com/upload/sites/arjun-s-twf-intern-test/versions/fd4638d7ff3a789e/files/ae25650d1f07a645c5c5562593d4fd0cd51501159d74978ebe34b0b5a024a6b9 [stream]
[debug] [2021-03-04T20:07:41.070Z] >>> [apiv2][query] POST https://upload-firebasehosting.googleapis.com/upload/sites/arjun-s-twf-intern-test/versions/fd4638d7ff3a789e/files/76c449ccb9cd117c2f2338f091b18f7050f3210e249b2228f5c81b23f34377cd [none]
[debug] [2021-03-04T20:07:41.070Z] >>> [apiv2][body] POST https://upload-firebasehosting.googleapis.com/upload/sites/arjun-s-twf-intern-test/versions/fd4638d7ff3a789e/files/76c449ccb9cd117c2f2338f091b18f7050f3210e249b2228f5c81b23f34377cd [stream]
[debug] [2021-03-04T20:07:41.071Z] [hosting][populate queue][FINAL] {"max":1805,"min":1805,"avg":1805,"active":0,"complete":1,"success":1,"errored":0,"retried":0,"total":1,"elapsed":1811}
[debug] [2021-03-04T20:07:41.071Z] [hosting] uploads queued: 6
[debug] [2021-03-04T20:07:45.719Z] <<< [apiv2][status] POST https://upload-firebasehosting.googleapis.com/upload/sites/arjun-s-twf-intern-test/versions/fd4638d7ff3a789e/files/2544ca049f223a42bff01f72ad930a5edba75bbb7199d0f8430a02ff5aca16ec 200
[debug] [2021-03-04T20:07:45.719Z] <<< [apiv2][body] POST https://upload-firebasehosting.googleapis.com/upload/sites/arjun-s-twf-intern-test/versions/fd4638d7ff3a789e/files/2544ca049f223a42bff01f72ad930a5edba75bbb7199d0f8430a02ff5aca16ec [stream]
[debug] [2021-03-04T20:07:46.293Z] <<< [apiv2][status] POST https://upload-firebasehosting.googleapis.com/upload/sites/arjun-s-twf-intern-test/versions/fd4638d7ff3a789e/files/76c449ccb9cd117c2f2338f091b18f7050f3210e249b2228f5c81b23f34377cd 200
[debug] [2021-03-04T20:07:46.293Z] <<< [apiv2][body] POST https://upload-firebasehosting.googleapis.com/upload/sites/arjun-s-twf-intern-test/versions/fd4638d7ff3a789e/files/76c449ccb9cd117c2f2338f091b18f7050f3210e249b2228f5c81b23f34377cd [stream]
